POST /user/register 404 153 - 1.842 ms
POST /user/register 404 153 - 0.867 ms
POST /user/register 404 153 - 1.140 ms
POST /user/register 404 153 - 0.322 ms
POST /user/register 200 248 - 21.280 ms
POST /user/register 400 119 - 28.947 ms
POST /user/register 400 119 - 10.199 ms
POST /user/register 400 36 - 4.724 ms
POST /user/register 400 36 - 0.885 ms
POST /user/register 400 119 - 11.355 ms
POST /user/register 400 36 - 0.628 ms
POST /user/register 400 90 - 5.243 ms
POST /user/register 400 90 - 4.007 ms
POST /user/register 400 90 - 0.486 ms
POST /user/register 400 90 - 7.090 ms
POST /user/register 400 90 - 3.226 ms
POST /user/register 400 36 - 4.518 ms
POST /user/register 400 90 - 7.607 ms
POST /user/register 400 90 - 8.796 ms
POST /user/register 400 90 - 3.356 ms
POST /user/register 400 90 - 8.933 ms
POST /user/register 400 90 - 3.215 ms
POST /user/register 400 90 - 0.732 ms
POST /user/register 400 90 - 13.794 ms
POST /user/register 400 119 - 41.135 ms
POST /user/register 400 119 - 7.584 ms
POST /user/register 400 119 - 6.917 ms
POST /user/register 400 119 - 8.120 ms
POST /user/register 200 248 - 8.576 ms
POST /user/register 200 202 - 26.041 ms
GET /user 400 36 - 21.993 ms
GET /user 200 204 - 20.393 ms
GET /user 200 45 - 21.800 ms
GET /user 200 45 - 6.688 ms
GET /user 200 204 - 32.418 ms
GET /user 200 204 - 8.796 ms
GET /user 200 11 - 16.516 ms
POST /user/register 400 36 - 23.461 ms
POST /user/register 400 119 - 27.061 ms
POST /user/register 200 202 - 14.642 ms
GET /user 200 250 - 19.420 ms
GET /user 200 250 - 24.960 ms
POST /user/register 200 248 - 22.883 ms
GET /user 200 204 - 15.988 ms
GET /user 200 11 - 14.717 ms
GET /user 200 11 - 5.109 ms
POST /user/register 200 202 - 21.718 ms
GET /user 200 204 - 8.534 ms
GET /user 200 204 - 6.719 ms
GET /user 200 204 - 25.598 ms
GET /user 200 45 - 17.287 ms
GET /user 200 204 - 17.623 ms
GET /user 200 91 - 18.814 ms
GET /user 200 250 - 19.734 ms
GET /user 200 204 - 18.734 ms
POST /login 404 145 - 2.716 ms
POST /login 400 145 - 5.511 ms
POST /login 400 90 - 1.632 ms
POST /login 400 86 - 45.603 ms
POST /login 400 52 - 17.087 ms
POST /login 400 52 - 20.492 ms
POST /login 400 36 - 21.105 ms
POST /login 400 36 - 37.438 ms
POST /login 400 36 - 21.729 ms
POST /login 400 36 - 19.445 ms
POST /login 400 36 - 21.614 ms
POST /login 400 36 - 22.423 ms
POST /login 400 36 - 25.716 ms
POST /login 400 36 - 21.963 ms
POST /login 400 36 - 21.127 ms
POST /login 400 36 - 20.651 ms
POST /login 400 36 - 24.568 ms
POST /login 400 36 - 21.184 ms
POST /login 200 13 - 21.821 ms
POST /login 200 389 - 17.267 ms
POST /login 200 389 - 10.800 ms
POST /login 200 389 - 8.402 ms
POST /login 200 389 - 13.239 ms
POST /refresh-token - - - - ms
POST /refresh-token 200 200 - 7.247 ms
POST /refresh-token 400 92 - 6.268 ms
POST /refresh-token 200 200 - 5.063 ms
POST /refresh-token 400 92 - 8.458 ms
POST /refresh-token 200 389 - 2.678 ms
POST /refresh-token 200 389 - 1.126 ms
POST /refresh-token 200 389 - 1.254 ms
POST /refresh-token 200 389 - 1.609 ms
POST /refresh-token 200 389 - 1.312 ms
POST /refresh-token 200 389 - 0.920 ms
POST /refresh-token 200 389 - 0.915 ms
POST /refresh-token 200 389 - 1.575 ms
POST /refresh-token 200 389 - 1.671 ms
GET /user 200 204 - 28.344 ms
GET /user 200 204 - 19.024 ms
GET /user 200 204 - 7.060 ms
GET /user 200 204 - 21.922 ms
GET /user 200 204 - 8.247 ms
GET /user 200 204 - 6.140 ms
GET /user 403 64 - 3.463 ms
GET /user 403 101 - 3.900 ms
GET /user 403 101 - 5.990 ms
GET /user 403 101 - 1.144 ms
POST /refresh-token 401 12 - 0.519 ms
POST /login 401 12 - 0.329 ms
POST /login 401 12 - 0.403 ms
POST /login 200 389 - 29.045 ms
GET /user 200 204 - 12.880 ms
GET /user 400 36 - 13.725 ms
GET /user 400 36 - 2.167 ms
GET /user 403 101 - 10.470 ms
GET /user 403 101 - 1.193 ms
POST /refresh-token 200 389 - 3.130 ms
GET /user 200 202 - 18.076 ms
GET /user 200 202 - 9.246 ms
GET /user 200 202 - 5.973 ms
GET /user 200 202 - 9.818 ms
GET /user 400 275 - 16.842 ms
GET /user 200 202 - 23.313 ms
GET /user 200 202 - 7.546 ms
GET /user 200 202 - 10.165 ms
GET /user 200 202 - 6.083 ms
GET /user 200 202 - 8.531 ms
GET /user 200 202 - 6.113 ms
GET /user 200 202 - 4.567 ms
GET /user 200 202 - 5.806 ms
GET /user 200 202 - 9.523 ms
GET /user 200 202 - 6.461 ms
GET /user 200 202 - 9.978 ms
GET /user 200 202 - 6.710 ms
GET /user 200 202 - 8.136 ms
GET /user 200 202 - 5.558 ms
GET /user 403 101 - 1.081 ms
GET /user 403 101 - 0.793 ms
POST /refresh-token 200 389 - 3.351 ms
GET /user 200 202 - 14.510 ms
GET /user 200 202 - 4.988 ms
GET /user 403 101 - 4.813 ms
POST /refresh-token 200 389 - 6.722 ms
POST /refresh-token 200 389 - 3.753 ms
PATCH /user/dangthuyenvuong@gmail.com 403 64 - 0.694 ms
PATCH /user/dangthuyenvuong@gmail.com 200 18 - 42.527 ms
GET /user 200 193 - 17.887 ms
PATCH /user/dangthuyenvuong@gmail.com 200 18 - 5.989 ms
GET /user 200 193 - 9.737 ms
PATCH /user/dangthuyenvuong@gmail.com 200 18 - 11.016 ms
GET /user 200 214 - 6.893 ms
PATCH /user/dangthuyenvuong@gmail.com 403 101 - 0.927 ms
POST /refresh-token 200 389 - 1.640 ms
PATCH /user/dangthuyenvuong@gmail.com 200 18 - 6.932 ms
GET /user 200 214 - 7.601 ms
